<?xml version="1.0" encoding="UTF-8"?>
<!-- Generated by org.testng.reporters.JUnitXMLReporter -->
<testsuite ignored="0" hostname="ATMECSINDT-055" failures="1" tests="1" name="Test" time="9.259" errors="0" timestamp="09 Aug 2019 12:54:52 GMT">
  <testcase classname="com.atmecs.testscripts.TestAddToCart" name="verifyAddToCart" time="2.388">
    <failure type="java.lang.AssertionError" message="passed expected [http://10.10.10.232:8080/                                    ] but found [http://10.10.10.232:8080/]">
      <![CDATA[java.lang.AssertionError: passed expected [http://10.10.10.232:8080/                                    ] but found [http://10.10.10.232:8080/]
at com.atmecs.helper.CommonUtilities.verifyassert(CommonUtilities.java:22)
at com.atmecs.pages.UserLogin.loginData(UserLogin.java:26)
at com.atmecs.testscripts.TestAddToCart.verifyAddToCart(TestAddToCart.java:42)
... Removed 31 stack frames]]>
    </failure>
  </testcase> <!-- verifyAddToCart -->
</testsuite> <!-- Test -->
