<?xml version="1.0" encoding="UTF-8"?>
<!-- Generated by org.testng.reporters.JUnitXMLReporter -->
<testsuite ignored="0" hostname="ATMECSINDT-055" failures="1" tests="1" name="Test" time="24.29" errors="0" timestamp="09 Aug 2019 12:54:33 GMT">
  <testcase classname="com.atmecs.testscripts.TestRegister" name="verifyRegistrationPage" time="4.929">
    <failure type="java.lang.AssertionError" message="passed expected [https://10.10.10.232:8443/register             ] but found [https://10.10.10.232:8443/register]">
      <![CDATA[java.lang.AssertionError: passed expected [https://10.10.10.232:8443/register             ] but found [https://10.10.10.232:8443/register]
at com.atmecs.helper.CommonUtilities.verifyassert(CommonUtilities.java:22)
at com.atmecs.pages.UserRegister.registerData(UserRegister.java:27)
at com.atmecs.testscripts.TestRegister.verifyRegistrationPage(TestRegister.java:49)
... Removed 31 stack frames]]>
    </failure>
  </testcase> <!-- verifyRegistrationPage -->
</testsuite> <!-- Test -->
