<!DOCTYPE html PUBLIC "-//W3C//DTD XHTML 1.1//EN" "http://www.w3.org/TR/xhtml11/DTD/xhtml11.dtd">
<html xmlns="http://www.w3.org/1999/xhtml">
<head>
<meta http-equiv="content-type" content="text/html; charset=UTF-8"/>
<title>TestNG Report</title>
<style type="text/css">table {margin-bottom:10px;border-collapse:collapse;empty-cells:show}th,td {border:1px solid #009;padding:.25em .5em}th {vertical-align:bottom}td {vertical-align:top}table a {font-weight:bold}.stripe td {background-color: #E6EBF9}.num {text-align:right}.passedodd td {background-color: #3F3}.passedeven td {background-color: #0A0}.skippedodd td {background-color: #DDD}.skippedeven td {background-color: #CCC}.failedodd td,.attn {background-color: #F33}.failedeven td,.stripe .attn {background-color: #D00}.stacktrace {white-space:pre;font-family:monospace}.totop {font-size:85%;text-align:center;border-bottom:2px solid #000}.invisible {display:none}</style>
</head>
<body>
<table>
<tr><th>Test</th><th># Passed</th><th># Skipped</th><th># Failed</th><th>Time (ms)</th><th>Included Groups</th><th>Excluded Groups</th></tr>
<tr><th colspan="7">Suite</th></tr>
<tr><td><a href="#t0">Test</a></td><td class="num">0</td><td class="num">0</td><td class="num attn">1</td><td class="num">24,290</td><td></td><td></td></tr>
<tr><th colspan="7">Suite (1)</th></tr>
<tr class="stripe"><td><a href="#t1">Test</a></td><td class="num">0</td><td class="num">0</td><td class="num attn">1</td><td class="num">9,259</td><td></td><td></td></tr>
<tr><th colspan="7">Suite (0)</th></tr>
<tr><td><a href="#t2">Test</a></td><td class="num">0</td><td class="num">0</td><td class="num attn">1</td><td class="num">10,092</td><td></td><td></td></tr>
<tr><th colspan="7">HeatClinic</th></tr>
<tr><th colspan="7">Suite (2)</th></tr>
<tr class="stripe"><td><a href="#t3">Test</a></td><td class="num">0</td><td class="num">0</td><td class="num attn">1</td><td class="num">8,820</td><td></td><td></td></tr>
<tr><th>Total</th><th class="num">0</th><th class="num">0</th><th class="num attn">4</th><th class="num">52,461</th><th colspan="2"></th></tr>
</table>
<table id='summary'><thead><tr><th>Class</th><th>Method</th><th>Start</th><th>Time (ms)</th></tr></thead><tbody><tr><th colspan="4">Suite</th></tr></tbody><tbody id="t0"><tr><th colspan="4">Test &#8212; failed</th></tr><tr class="failedeven"><td rowspan="1">com.atmecs.testscripts.TestRegister</td><td><a href="#m0">verifyRegistrationPage</a></td><td rowspan="1">1565355266699</td><td rowspan="1">4929</td></tr></tbody>
<tbody><tr><th colspan="4">Suite (1)</th></tr></tbody><tbody id="t1"><tr><th colspan="4">Test &#8212; failed</th></tr><tr class="failedeven"><td rowspan="1">com.atmecs.testscripts.TestAddToCart</td><td><a href="#m1">verifyAddToCart</a></td><td rowspan="1">1565355289097</td><td rowspan="1">2388</td></tr></tbody>
<tbody><tr><th colspan="4">Suite (0)</th></tr></tbody><tbody id="t2"><tr><th colspan="4">Test &#8212; failed</th></tr><tr class="failedeven"><td rowspan="1">com.atmecs.testscripts.TestLogin</td><td><a href="#m2">verifyLoginPage</a></td><td rowspan="1">1565355279541</td><td rowspan="1">2685</td></tr></tbody>
<tbody><tr><th colspan="4">HeatClinic</th></tr></tbody><tbody><tr><th colspan="4">Suite (2)</th></tr></tbody><tbody id="t3"><tr><th colspan="4">Test &#8212; failed</th></tr><tr class="failedeven"><td rowspan="1">com.atmecs.testscripts.TestRemoveFromCart</td><td><a href="#m3">verifyAddToCart</a></td><td rowspan="1">1565355297678</td><td rowspan="1">2520</td></tr></tbody>
</table>
<h2>Test</h2><h3 id="m0">com.atmecs.testscripts.TestRegister#verifyRegistrationPage</h3><table class="result"><tr class="param"><th>Parameter #1</th></tr><tr class="param stripe"><td>RegistrationData [Email=Abhinaya@gmail.com, FirstName=Abhinaya, LastName=Venkatesh, Password=HeatClinic12, ConfirmPassword=HeatClinic12]</td></tr><tr><th>Exception</th></tr><tr><td><div class="stacktrace">java.lang.AssertionError: passed expected [https://10.10.10.232:8443/register             ] but found [https://10.10.10.232:8443/register]
	at com.atmecs.helper.CommonUtilities.verifyassert(CommonUtilities.java:22)
	at com.atmecs.pages.UserRegister.registerData(UserRegister.java:27)
	at com.atmecs.testscripts.TestRegister.verifyRegistrationPage(TestRegister.java:49)
... Removed 31 stack frames</div></td></tr></table><p class="totop"><a href="#summary">back to summary</a></p>
<h2>Test</h2><h3 id="m1">com.atmecs.testscripts.TestAddToCart#verifyAddToCart</h3><table class="result"><tr class="param"><th>Parameter #1</th></tr><tr class="param stripe"><td>RegistrationData [Email=Abhinaya@gmail.com, FirstName=Abhinaya, LastName=Venkatesh, Password=HeatClinic12, ConfirmPassword=HeatClinic12]</td></tr><tr><th>Exception</th></tr><tr><td><div class="stacktrace">java.lang.AssertionError: passed expected [http://10.10.10.232:8080/                                    ] but found [http://10.10.10.232:8080/]
	at com.atmecs.helper.CommonUtilities.verifyassert(CommonUtilities.java:22)
	at com.atmecs.pages.UserLogin.loginData(UserLogin.java:26)
	at com.atmecs.testscripts.TestAddToCart.verifyAddToCart(TestAddToCart.java:42)
... Removed 31 stack frames</div></td></tr></table><p class="totop"><a href="#summary">back to summary</a></p>
<h2>Test</h2><h3 id="m2">com.atmecs.testscripts.TestLogin#verifyLoginPage</h3><table class="result"><tr class="param"><th>Parameter #1</th></tr><tr class="param stripe"><td>RegistrationData [Email=Abhinaya@gmail.com, FirstName=Abhinaya, LastName=Venkatesh, Password=HeatClinic12, ConfirmPassword=HeatClinic12]</td></tr><tr><th>Exception</th></tr><tr><td><div class="stacktrace">java.lang.AssertionError: passed expected [http://10.10.10.232:8080/                                    ] but found [http://10.10.10.232:8080/]
	at com.atmecs.helper.CommonUtilities.verifyassert(CommonUtilities.java:22)
	at com.atmecs.pages.UserLogin.loginData(UserLogin.java:26)
	at com.atmecs.testscripts.TestLogin.verifyLoginPage(TestLogin.java:42)
... Removed 31 stack frames</div></td></tr></table><p class="totop"><a href="#summary">back to summary</a></p>
<h2>Test</h2><h3 id="m3">com.atmecs.testscripts.TestRemoveFromCart#verifyAddToCart</h3><table class="result"><tr class="param"><th>Parameter #1</th></tr><tr class="param stripe"><td>RegistrationData [Email=Abhinaya@gmail.com, FirstName=Abhinaya, LastName=Venkatesh, Password=HeatClinic12, ConfirmPassword=HeatClinic12]</td></tr><tr><th>Exception</th></tr><tr><td><div class="stacktrace">java.lang.AssertionError: passed expected [http://10.10.10.232:8080/                                    ] but found [http://10.10.10.232:8080/]
	at com.atmecs.helper.CommonUtilities.verifyassert(CommonUtilities.java:22)
	at com.atmecs.pages.UserLogin.loginData(UserLogin.java:26)
	at com.atmecs.testscripts.TestRemoveFromCart.verifyAddToCart(TestRemoveFromCart.java:34)
... Removed 31 stack frames</div></td></tr></table><p class="totop"><a href="#summary">back to summary</a></p>
</body>
</html>
